<?xml version="1.0" encoding="UTF-8"?>
<!-- Generated by org.testng.reporters.JUnitReportReporter -->
<testsuite skipped="0" hostname="DESKTOP-LBGB20Q" name="tests.SanityBuyProduct" tests="2" failures="0" timestamp="2021-03-05T00:24:02 IST" time="12.583" errors="0">
  <testcase name="searchProduct" time="7.586" classname="tests.SanityBuyProduct"/>
  <system-out/>
  <testcase name="getIntoProduct" time="4.997" classname="tests.SanityBuyProduct"/>
  <system-out/>
</testsuite> <!-- tests.SanityBuyProduct -->
